<?xml version="1.0" encoding="UTF-8"?>
<robot generator="Robot 4.1.3 (Python 3.8.9 on darwin)" generated="20220321 16:56:02.710" rpa="false" schemaversion="2">
<suite id="s1" name="RF-Exmaple" source="/Users/aek/Desktop/RF-Exmaple">
<suite id="s1-s1" name="Tests" source="/Users/aek/Desktop/RF-Exmaple/tests">
<suite id="s1-s1-s1" name="Shopee" source="/Users/aek/Desktop/RF-Exmaple/tests/shopee.robot">
<test id="s1-s1-s1-t1" name="Take Product to my card">
<kw name="Visit Shopee Website" type="SETUP">
<kw name="Open Browser" library="SeleniumLibrary">
<arg>${HOMEPAGE}</arg>
<arg>${BROWSER}</arg>
<doc>Opens a new browser instance to the optional ``url``.</doc>
<msg timestamp="20220321 16:56:02.809" level="INFO">Opening browser 'chrome' to base url 'https://shopee.co.th/'.</msg>
<status status="PASS" starttime="20220321 16:56:02.809" endtime="20220321 16:56:10.375"/>
</kw>
<status status="PASS" starttime="20220321 16:56:02.809" endtime="20220321 16:56:10.375"/>
</kw>
<kw name="Choose TH Language">
<kw name="Click Button" library="SeleniumLibrary">
<arg>xpath://*[@id="modal"]/div[1]/div[1]/div/div[3]/div[1]/button</arg>
<doc>Clicks the button identified by ``locator``.</doc>
<msg timestamp="20220321 16:56:10.376" level="INFO">Clicking button 'xpath://*[@id="modal"]/div[1]/div[1]/div/div[3]/div[1]/button'.</msg>
<status status="PASS" starttime="20220321 16:56:10.376" endtime="20220321 16:56:10.431"/>
</kw>
<status status="PASS" starttime="20220321 16:56:10.375" endtime="20220321 16:56:10.431"/>
</kw>
<kw name="Sleep" library="BuiltIn">
<arg>2s</arg>
<doc>Pauses the test executed for the given time.</doc>
<msg timestamp="20220321 16:56:12.432" level="INFO">Slept 2 seconds</msg>
<status status="PASS" starttime="20220321 16:56:10.431" endtime="20220321 16:56:12.433"/>
</kw>
<kw name="Close Promotion Modal">
<kw name="Click Element" library="SeleniumLibrary">
<arg>xpath://*[@id="main"]/div/div[2]/div[2]/shopee-banner-popup-stateful//div/div/div/div/div/svg</arg>
<doc>Click the element identified by ``locator``.</doc>
<msg timestamp="20220321 16:56:12.434" level="INFO">Clicking element 'xpath://*[@id="main"]/div/div[2]/div[2]/shopee-banner-popup-stateful//div/div/div/div/div/svg'.</msg>
<msg timestamp="20220321 16:56:12.746" level="INFO" html="true">&lt;/td&gt;&lt;/tr&gt;&lt;tr&gt;&lt;td colspan="3"&gt;&lt;a href="selenium-screenshot-1.png"&gt;&lt;img src="selenium-screenshot-1.png" width="800px"&gt;&lt;/a&gt;</msg>
<msg timestamp="20220321 16:56:12.751" level="FAIL">Element with locator 'xpath://*[@id="main"]/div/div[2]/div[2]/shopee-banner-popup-stateful//div/div/div/div/div/svg' not found.</msg>
<status status="FAIL" starttime="20220321 16:56:12.434" endtime="20220321 16:56:12.752"/>
</kw>
<status status="FAIL" starttime="20220321 16:56:12.433" endtime="20220321 16:56:12.752"/>
</kw>
<kw name="Sleep" library="BuiltIn">
<arg>10s</arg>
<doc>Pauses the test executed for the given time.</doc>
<status status="NOT RUN" starttime="20220321 16:56:12.753" endtime="20220321 16:56:12.753"/>
</kw>
<kw name="Close Browser" library="SeleniumLibrary" type="TEARDOWN">
<doc>Closes the current browser.</doc>
<status status="PASS" starttime="20220321 16:56:12.753" endtime="20220321 16:56:12.870"/>
</kw>
<status status="FAIL" starttime="20220321 16:56:02.808" endtime="20220321 16:56:12.870">Element with locator 'xpath://*[@id="main"]/div/div[2]/div[2]/shopee-banner-popup-stateful//div/div/div/div/div/svg' not found.</status>
</test>
<status status="FAIL" starttime="20220321 16:56:02.730" endtime="20220321 16:56:12.872"/>
</suite>
<status status="FAIL" starttime="20220321 16:56:02.729" endtime="20220321 16:56:12.873"/>
</suite>
<status status="FAIL" starttime="20220321 16:56:02.716" endtime="20220321 16:56:12.874"/>
</suite>
<statistics>
<total>
<stat pass="0" fail="1" skip="0">All Tests</stat>
</total>
<tag>
</tag>
<suite>
<stat pass="0" fail="1" skip="0" id="s1" name="RF-Exmaple">RF-Exmaple</stat>
<stat pass="0" fail="1" skip="0" id="s1-s1" name="Tests">RF-Exmaple.Tests</stat>
<stat pass="0" fail="1" skip="0" id="s1-s1-s1" name="Shopee">RF-Exmaple.Tests.Shopee</stat>
</suite>
</statistics>
<errors>
</errors>
</robot>
